%!Adobe-FontList 1.14
%Locale:0x42a

%BeginFont
Handler:DirectoryHandler
FontType:Invalid
OutlineFileName:C:\xampp\htdocs\BigVio\Font\LICENSE.txt
FileModTime:1357664400
%EndFont

%BeginFont
Handler:DirectoryHandler
FontType:TrueType
FontName:Roboto-Black
FamilyName:Roboto
StyleName:Black
FullName:Roboto Black
MenuName:Roboto Black
StyleBits:0
WritingScript:Roman
OutlineFileName:C:\xampp\htdocs\BigVio\Font\Roboto-Black.ttf
DataFormat:sfntData
FileLength:171072
FileModTime:1357664400
WeightClass:900
WidthClass:5
AngleClass:0
%EndFont

%BeginFont
Handler:DirectoryHandler
FontType:TrueType
FontName:Roboto-BlackItalic
FamilyName:Roboto
StyleName:Black Italic
FullName:Roboto Black Italic
MenuName:Roboto Black
StyleBits:1
WritingScript:Roman
OutlineFileName:C:\xampp\htdocs\BigVio\Font\Roboto-BlackItalic.ttf
DataFormat:sfntData
FileLength:177120
FileModTime:1357664400
WeightClass:900
WidthClass:5
AngleClass:1
%EndFont

%BeginFont
Handler:DirectoryHandler
FontType:TrueType
FontName:Roboto-Bold
FamilyName:Roboto
StyleName:Bold
FullName:Roboto Bold
MenuName:Roboto
StyleBits:2
WritingScript:Roman
OutlineFileName:C:\xampp\htdocs\BigVio\Font\Roboto-Bold.ttf
DataFormat:sfntData
FileLength:170348
FileModTime:1357664400
WeightClass:700
WidthClass:5
AngleClass:0
%EndFont

%BeginFont
Handler:DirectoryHandler
FontType:TrueType
FontName:Roboto-BoldItalic
FamilyName:Roboto
StyleName:Bold Italic
FullName:Roboto Bold Italic
MenuName:Roboto
StyleBits:3
WritingScript:Roman
OutlineFileName:C:\xampp\htdocs\BigVio\Font\Roboto-BoldItalic.ttf
DataFormat:sfntData
FileLength:174520
FileModTime:1357664400
WeightClass:700
WidthClass:5
AngleClass:1
%EndFont

%BeginFont
Handler:DirectoryHandler
FontType:TrueType
FontName:Roboto-Italic
FamilyName:Roboto
StyleName:Italic
FullName:Roboto Italic
MenuName:Roboto
StyleBits:1
WritingScript:Roman
OutlineFileName:C:\xampp\htdocs\BigVio\Font\Roboto-Italic.ttf
DataFormat:sfntData
FileLength:173516
FileModTime:1357664400
WeightClass:400
WidthClass:5
AngleClass:1
%EndFont

%BeginFont
Handler:DirectoryHandler
FontType:TrueType
FontName:Roboto-Light
FamilyName:Roboto
StyleName:Light
FullName:Roboto Light
MenuName:Roboto Light
StyleBits:0
WritingScript:Roman
OutlineFileName:C:\xampp\htdocs\BigVio\Font\Roboto-Light.ttf
DataFormat:sfntData
FileLength:170012
FileModTime:1357664400
WeightClass:300
WidthClass:5
AngleClass:0
%EndFont

%BeginFont
Handler:DirectoryHandler
FontType:TrueType
FontName:Roboto-LightItalic
FamilyName:Roboto
StyleName:Light Italic
FullName:Roboto Light Italic
MenuName:Roboto Light
StyleBits:1
WritingScript:Roman
OutlineFileName:C:\xampp\htdocs\BigVio\Font\Roboto-LightItalic.ttf
DataFormat:sfntData
FileLength:176184
FileModTime:1357664400
WeightClass:300
WidthClass:5
AngleClass:1
%EndFont

%BeginFont
Handler:DirectoryHandler
FontType:TrueType
FontName:Roboto-Medium
FamilyName:Roboto
StyleName:Medium
FullName:Roboto Medium
MenuName:Roboto Medium
StyleBits:0
WritingScript:Roman
OutlineFileName:C:\xampp\htdocs\BigVio\Font\Roboto-Medium.ttf
DataFormat:sfntData
FileLength:171656
FileModTime:1357664400
WeightClass:500
WidthClass:5
AngleClass:0
%EndFont

%BeginFont
Handler:DirectoryHandler
FontType:TrueType
FontName:Roboto-MediumItalic
FamilyName:Roboto
StyleName:Medium Italic
FullName:Roboto Medium Italic
MenuName:Roboto Medium
StyleBits:1
WritingScript:Roman
OutlineFileName:C:\xampp\htdocs\BigVio\Font\Roboto-MediumItalic.ttf
DataFormat:sfntData
FileLength:176428
FileModTime:1357664400
WeightClass:500
WidthClass:5
AngleClass:1
%EndFont

%BeginFont
Handler:DirectoryHandler
FontType:TrueType
FontName:Roboto-Regular
FamilyName:Roboto
StyleName:Regular
FullName:Roboto
MenuName:Roboto
StyleBits:0
WritingScript:Roman
OutlineFileName:C:\xampp\htdocs\BigVio\Font\Roboto-Regular.ttf
DataFormat:sfntData
FileLength:171272
FileModTime:1357664400
WeightClass:400
WidthClass:5
AngleClass:0
%EndFont

%BeginFont
Handler:DirectoryHandler
FontType:TrueType
FontName:Roboto-Thin
FamilyName:Roboto
StyleName:Thin
FullName:Roboto Thin
MenuName:Roboto Thin
StyleBits:0
WritingScript:Roman
OutlineFileName:C:\xampp\htdocs\BigVio\Font\Roboto-Thin.ttf
DataFormat:sfntData
FileLength:171500
FileModTime:1357664400
WeightClass:250
WidthClass:5
AngleClass:0
%EndFont

%BeginFont
Handler:DirectoryHandler
FontType:TrueType
FontName:Roboto-ThinItalic
FamilyName:Roboto
StyleName:Thin Italic
FullName:Roboto Thin Italic
MenuName:Roboto Thin
StyleBits:1
WritingScript:Roman
OutlineFileName:C:\xampp\htdocs\BigVio\Font\Roboto-ThinItalic.ttf
DataFormat:sfntData
FileLength:175872
FileModTime:1357664400
WeightClass:250
WidthClass:5
AngleClass:1
%EndFont

%BeginFont
Handler:DirectoryHandler
FontType:Invalid
OutlineFileName:C:\xampp\htdocs\BigVio\Font\Roboto.zip
FileModTime:1594192195
%EndFont

